<?xml version="1.0" encoding="UTF-8"?>
<testng-results ignored="0" total="1" passed="1" failed="0" skipped="0">
  <reporter-output>
  </reporter-output>
  <suite started-at="2023-04-27T12:36:17 GMT-04:00" name="Default suite" finished-at="2023-04-27T12:36:20 GMT-04:00" duration-ms="3476">
    <groups>
    </groups>
    <test started-at="2023-04-27T12:36:17 GMT-04:00" name="Default test" finished-at="2023-04-27T12:36:20 GMT-04:00" duration-ms="3476">
      <class name="TC006_GET_ExtractValuesOfEachNodeInJSON">
        <test-method signature="getWeatherDetails()[pri:0, instance:TC006_GET_ExtractValuesOfEachNodeInJSON@73700b80]" started-at="2023-04-27T12:36:17 GMT-04:00" name="getWeatherDetails" finished-at="2023-04-27T12:36:20 GMT-04:00" duration-ms="3436" status="PASS">
          <reporter-output>
          </reporter-output>
        </test-method> <!-- getWeatherDetails -->
      </class> <!-- TC006_GET_ExtractValuesOfEachNodeInJSON -->
    </test> <!-- Default test -->
  </suite> <!-- Default suite -->
</testng-results>
